android/app/build/intermediates/manifest_merge_blame_file/debug/processDebugMainManifest/manifest-merger-blame-debug-report.txt
1<?xml version="1.0" encoding="utf-8"?>
2<manifest xmlns:android="http://schemas.android.com/apk/res/android"
3    package="avs.com.famradar"
4    android:versionCode="1"
5    android:versionName="1.0" >
6
7    <uses-sdk
8        android:minSdkVersion="23"
9        android:targetSdkVersion="33" />
10    <!--
11         The INTERNET permission is required for development. Specifically,
12         the Flutter tool needs it to communicate with the running application
13         to allow setting breakpoints, to provide hot reload, etc.
14    -->
15    <uses-permission android:name="android.permission.INTERNET" />
15-->src/main/AndroidManifest.xml:5:5-67
15-->src/main/AndroidManifest.xml:5:22-64
16    <uses-permission android:name="android.permission.ACCESS_FINE_LOCATION" />
16-->src/main/AndroidManifest.xml:6:5-79
16-->src/main/AndroidManifest.xml:6:22-76
17    <uses-permission android:name="android.permission.ACCESS_COARSE_LOCATION" />
17-->src/main/AndroidManifest.xml:7:5-81
17-->src/main/AndroidManifest.xml:7:22-78
18    <uses-permission android:name="android.permission.ACCESS_BACKGROUND_LOCATION" />
18-->src/main/AndroidManifest.xml:8:5-85
18-->src/main/AndroidManifest.xml:8:22-82
19    <uses-permission android:name="android.permission.POST_NOTIFICATIONS" />
19-->src/main/AndroidManifest.xml:9:5-77
19-->src/main/AndroidManifest.xml:9:22-74
20    <uses-permission android:name="android.permission.POST_NOTIFICATIONS" />
20-->src/main/AndroidManifest.xml:9:5-77
20-->src/main/AndroidManifest.xml:9:22-74
21    <uses-permission android:name="android.permission.RECEIVE_BOOT_COMPLETED" />
21-->src/main/AndroidManifest.xml:10:5-81
21-->src/main/AndroidManifest.xml:10:22-78
22    <uses-permission
22-->src/main/AndroidManifest.xml:12:5-13:38
23        android:name="android.permission.READ_EXTERNAL_STORAGE"
23-->src/main/AndroidManifest.xml:12:22-77
24        android:maxSdkVersion="32" />
24-->src/main/AndroidManifest.xml:13:9-35
25    <uses-permission
25-->src/main/AndroidManifest.xml:14:5-16:40
26        android:name="android.permission.WRITE_EXTERNAL_STORAGE"
26-->src/main/AndroidManifest.xml:14:22-78
27        android:maxSdkVersion="32" /> <!-- Queries para ProcessTextPlugin -->
27-->src/main/AndroidManifest.xml:15:9-35
28    <queries>
28-->src/main/AndroidManifest.xml:83:5-88:15
29        <intent>
29-->src/main/AndroidManifest.xml:84:9-87:18
30            <action android:name="android.intent.action.PROCESS_TEXT" />
30-->src/main/AndroidManifest.xml:85:13-73
30-->src/main/AndroidManifest.xml:85:21-70
31
32            <data android:mimeType="text/plain" />
32-->src/main/AndroidManifest.xml:86:13-51
32-->src/main/AndroidManifest.xml:86:19-48
33        </intent>
34    </queries> <!-- Although the *SdkVersion is captured in gradle build files, this is required for non gradle builds -->
35    <!-- <uses-sdk android:minSdkVersion="21" /> -->
36    <uses-permission android:name="android.permission.ACCESS_NETWORK_STATE" />
36-->[com.google.firebase:firebase-firestore:25.1.4] AndroidManifest.xml:10:5-79
36-->[com.google.firebase:firebase-firestore:25.1.4] AndroidManifest.xml:10:22-76
37    <uses-permission android:name="com.google.android.providers.gsf.permission.READ_GSERVICES" />
37-->[com.google.android.recaptcha:recaptcha:18.6.1] AndroidManifest.xml:9:5-98
37-->[com.google.android.recaptcha:recaptcha:18.6.1] AndroidManifest.xml:9:22-95
38
39    <permission
39-->[androidx.core:core:1.16.0] AndroidManifest.xml:22:5-24:47
40        android:name="avs.com.famradar.DYNAMIC_RECEIVER_NOT_EXPORTED_PERMISSION"
40-->[androidx.core:core:1.16.0] AndroidManifest.xml:23:9-81
41        android:protectionLevel="signature" />
41-->[androidx.core:core:1.16.0] AndroidManifest.xml:24:9-44
42
43    <uses-permission android:name="avs.com.famradar.DYNAMIC_RECEIVER_NOT_EXPORTED_PERMISSION" />
43-->[androidx.core:core:1.16.0] AndroidManifest.xml:26:5-97
43-->[androidx.core:core:1.16.0] AndroidManifest.xml:26:22-94
44
45    <application
46        android:name="android.app.Application"
47        android:appComponentFactory="androidx.core.app.CoreComponentFactory"
47-->[androidx.core:core:1.16.0] AndroidManifest.xml:28:18-86
48        android:debuggable="true"
49        android:extractNativeLibs="false"
50        android:icon="@mipmap/ic_launcher"
51        android:label="famradar" >
52
53        <!-- Atividade principal -->
54        <activity
55            android:name="avs.com.famradar.MainActivity"
56            android:configChanges="orientation|keyboardHidden|keyboard|screenSize|smallestScreenSize|locale|layoutDirection|fontScale|screenLayout|density|uiMode"
57            android:exported="true"
58            android:hardwareAccelerated="true"
59            android:launchMode="singleTop"
60            android:taskAffinity=""
61            android:theme="@style/LaunchTheme"
62            android:windowSoftInputMode="adjustResize" >
63            <meta-data
64                android:name="io.flutter.embedding.android.NormalTheme"
65                android:resource="@style/NormalTheme" />
66
67            <intent-filter>
68                <action android:name="android.intent.action.MAIN" />
69
70                <category android:name="android.intent.category.LAUNCHER" />
71            </intent-filter>
72        </activity>
73
74        <!-- Serviço de localização em primeiro plano -->
75        <service
76            android:name="avs.com.famradar.LocationForegroundService"
77            android:enabled="true"
78            android:exported="false"
79            android:foregroundServiceType="location" />
80
81        <!-- Receiver para eventos de geofence -->
82        <receiver
83            android:name="avs.com.famradar.GeofenceBroadcastReceiver"
84            android:enabled="true"
85            android:exported="false" >
86            <intent-filter>
87                <action android:name="avs.com.famradar.GEOFENCE_EVENT" />
88            </intent-filter>
89        </receiver>
90
91        <!-- Receiver para boot completo -->
92        <receiver
93            android:name="avs.com.famradar.BootReceiver"
94            android:enabled="true"
95            android:exported="true" >
96            <intent-filter>
97                <action android:name="android.intent.action.BOOT_COMPLETED" />
98                <action android:name="android.intent.action.QUICKBOOT_POWERON" />
99            </intent-filter>
100        </receiver>
101
102        <!-- Meta-data para Flutter Embedding -->
103        <meta-data
104            android:name="flutterEmbedding"
105            android:value="2" />
106
107        <!-- Chave da API do Google Maps -->
108        <meta-data
109            android:name="com.google.android.geo.API_KEY"
110            android:value="YOUR_GOOGLE_MAPS_API_KEY" />
111
112        <service
112-->[com.google.firebase:firebase-firestore-ktx:25.1.4] AndroidManifest.xml:9:9-15:19
113            android:name="com.google.firebase.components.ComponentDiscoveryService"
113-->[com.google.firebase:firebase-firestore-ktx:25.1.4] AndroidManifest.xml:10:13-84
114            android:directBootAware="true"
114-->[com.google.firebase:firebase-common:21.0.0] AndroidManifest.xml:32:13-43
115            android:exported="false" >
115-->[com.google.firebase:firebase-firestore-ktx:25.1.4] AndroidManifest.xml:11:13-37
116            <meta-data
116-->[com.google.firebase:firebase-firestore-ktx:25.1.4] AndroidManifest.xml:12:13-14:85
117                android:name="com.google.firebase.components:com.google.firebase.firestore.ktx.FirebaseFirestoreLegacyRegistrar"
117-->[com.google.firebase:firebase-firestore-ktx:25.1.4] AndroidManifest.xml:13:17-129
118                android:value="com.google.firebase.components.ComponentRegistrar" />
118-->[com.google.firebase:firebase-firestore-ktx:25.1.4] AndroidManifest.xml:14:17-82
119            <meta-data
119-->[com.google.firebase:firebase-firestore:25.1.4] AndroidManifest.xml:17:13-19:85
120                android:name="com.google.firebase.components:com.google.firebase.firestore.FirebaseFirestoreKtxRegistrar"
120-->[com.google.firebase:firebase-firestore:25.1.4] AndroidManifest.xml:18:17-122
121                android:value="com.google.firebase.components.ComponentRegistrar" />
121-->[com.google.firebase:firebase-firestore:25.1.4] AndroidManifest.xml:19:17-82
122            <meta-data
122-->[com.google.firebase:firebase-firestore:25.1.4] AndroidManifest.xml:20:13-22:85
123                android:name="com.google.firebase.components:com.google.firebase.firestore.FirestoreRegistrar"
123-->[com.google.firebase:firebase-firestore:25.1.4] AndroidManifest.xml:21:17-111
124                android:value="com.google.firebase.components.ComponentRegistrar" />
124-->[com.google.firebase:firebase-firestore:25.1.4] AndroidManifest.xml:22:17-82
125            <meta-data
125-->[com.google.firebase:firebase-auth-ktx:23.2.1] AndroidManifest.xml:11:13-13:85
126                android:name="com.google.firebase.components:com.google.firebase.auth.ktx.FirebaseAuthLegacyRegistrar"
126-->[com.google.firebase:firebase-auth-ktx:23.2.1] AndroidManifest.xml:12:17-119
127                android:value="com.google.firebase.components.ComponentRegistrar" />
127-->[com.google.firebase:firebase-auth-ktx:23.2.1] AndroidManifest.xml:13:17-82
128            <meta-data
128-->[com.google.firebase:firebase-auth:23.2.1] AndroidManifest.xml:69:13-71:85
129                android:name="com.google.firebase.components:com.google.firebase.auth.FirebaseAuthRegistrar"
129-->[com.google.firebase:firebase-auth:23.2.1] AndroidManifest.xml:70:17-109
130                android:value="com.google.firebase.components.ComponentRegistrar" />
130-->[com.google.firebase:firebase-auth:23.2.1] AndroidManifest.xml:71:17-82
131            <meta-data
131-->[com.google.firebase:firebase-common-ktx:21.0.0] AndroidManifest.xml:12:13-14:85
132                android:name="com.google.firebase.components:com.google.firebase.ktx.FirebaseCommonLegacyRegistrar"
132-->[com.google.firebase:firebase-common-ktx:21.0.0] AndroidManifest.xml:13:17-116
133                android:value="com.google.firebase.components.ComponentRegistrar" />
133-->[com.google.firebase:firebase-common-ktx:21.0.0] AndroidManifest.xml:14:17-82
134            <meta-data
134-->[com.google.firebase:firebase-common:21.0.0] AndroidManifest.xml:35:13-37:85
135                android:name="com.google.firebase.components:com.google.firebase.FirebaseCommonKtxRegistrar"
135-->[com.google.firebase:firebase-common:21.0.0] AndroidManifest.xml:36:17-109
136                android:value="com.google.firebase.components.ComponentRegistrar" />
136-->[com.google.firebase:firebase-common:21.0.0] AndroidManifest.xml:37:17-82
137        </service>
138
139        <activity
139-->[com.google.firebase:firebase-auth:23.2.1] AndroidManifest.xml:29:9-46:20
140            android:name="com.google.firebase.auth.internal.GenericIdpActivity"
140-->[com.google.firebase:firebase-auth:23.2.1] AndroidManifest.xml:30:13-80
141            android:excludeFromRecents="true"
141-->[com.google.firebase:firebase-auth:23.2.1] AndroidManifest.xml:31:13-46
142            android:exported="true"
142-->[com.google.firebase:firebase-auth:23.2.1] AndroidManifest.xml:32:13-36
143            android:launchMode="singleTask"
143-->[com.google.firebase:firebase-auth:23.2.1] AndroidManifest.xml:33:13-44
144            android:theme="@android:style/Theme.Translucent.NoTitleBar" >
144-->[com.google.firebase:firebase-auth:23.2.1] AndroidManifest.xml:34:13-72
145            <intent-filter>
145-->[com.google.firebase:firebase-auth:23.2.1] AndroidManifest.xml:35:13-45:29
146                <action android:name="android.intent.action.VIEW" />
146-->[com.google.firebase:firebase-auth:23.2.1] AndroidManifest.xml:36:17-69
146-->[com.google.firebase:firebase-auth:23.2.1] AndroidManifest.xml:36:25-66
147
148                <category android:name="android.intent.category.DEFAULT" />
148-->[com.google.firebase:firebase-auth:23.2.1] AndroidManifest.xml:38:17-76
148-->[com.google.firebase:firebase-auth:23.2.1] AndroidManifest.xml:38:27-73
149                <category android:name="android.intent.category.BROWSABLE" />
149-->[com.google.firebase:firebase-auth:23.2.1] AndroidManifest.xml:39:17-78
149-->[com.google.firebase:firebase-auth:23.2.1] AndroidManifest.xml:39:27-75
150
151                <data
151-->src/main/AndroidManifest.xml:86:13-51
152                    android:host="firebase.auth"
153                    android:path="/"
154                    android:scheme="genericidp" />
155            </intent-filter>
156        </activity>
157        <activity
157-->[com.google.firebase:firebase-auth:23.2.1] AndroidManifest.xml:47:9-64:20
158            android:name="com.google.firebase.auth.internal.RecaptchaActivity"
158-->[com.google.firebase:firebase-auth:23.2.1] AndroidManifest.xml:48:13-79
159            android:excludeFromRecents="true"
159-->[com.google.firebase:firebase-auth:23.2.1] AndroidManifest.xml:49:13-46
160            android:exported="true"
160-->[com.google.firebase:firebase-auth:23.2.1] AndroidManifest.xml:50:13-36
161            android:launchMode="singleTask"
161-->[com.google.firebase:firebase-auth:23.2.1] AndroidManifest.xml:51:13-44
162            android:theme="@android:style/Theme.Translucent.NoTitleBar" >
162-->[com.google.firebase:firebase-auth:23.2.1] AndroidManifest.xml:52:13-72
163            <intent-filter>
163-->[com.google.firebase:firebase-auth:23.2.1] AndroidManifest.xml:53:13-63:29
164                <action android:name="android.intent.action.VIEW" />
164-->[com.google.firebase:firebase-auth:23.2.1] AndroidManifest.xml:36:17-69
164-->[com.google.firebase:firebase-auth:23.2.1] AndroidManifest.xml:36:25-66
165
166                <category android:name="android.intent.category.DEFAULT" />
166-->[com.google.firebase:firebase-auth:23.2.1] AndroidManifest.xml:38:17-76
166-->[com.google.firebase:firebase-auth:23.2.1] AndroidManifest.xml:38:27-73
167                <category android:name="android.intent.category.BROWSABLE" />
167-->[com.google.firebase:firebase-auth:23.2.1] AndroidManifest.xml:39:17-78
167-->[com.google.firebase:firebase-auth:23.2.1] AndroidManifest.xml:39:27-75
168
169                <data
169-->src/main/AndroidManifest.xml:86:13-51
170                    android:host="firebase.auth"
171                    android:path="/"
172                    android:scheme="recaptcha" />
173            </intent-filter>
174        </activity>
175
176        <service
176-->[androidx.credentials:credentials-play-services-auth:1.2.0-rc01] AndroidManifest.xml:24:9-32:19
177            android:name="androidx.credentials.playservices.CredentialProviderMetadataHolder"
177-->[androidx.credentials:credentials-play-services-auth:1.2.0-rc01] AndroidManifest.xml:25:13-94
178            android:enabled="true"
178-->[androidx.credentials:credentials-play-services-auth:1.2.0-rc01] AndroidManifest.xml:26:13-35
179            android:exported="false" >
179-->[androidx.credentials:credentials-play-services-auth:1.2.0-rc01] AndroidManifest.xml:27:13-37
180            <meta-data
180-->[androidx.credentials:credentials-play-services-auth:1.2.0-rc01] AndroidManifest.xml:29:13-31:104
181                android:name="androidx.credentials.CREDENTIAL_PROVIDER_KEY"
181-->[androidx.credentials:credentials-play-services-auth:1.2.0-rc01] AndroidManifest.xml:30:17-76
182                android:value="androidx.credentials.playservices.CredentialProviderPlayServicesImpl" />
182-->[androidx.credentials:credentials-play-services-auth:1.2.0-rc01] AndroidManifest.xml:31:17-101
183        </service>
184
185        <activity
185-->[androidx.credentials:credentials-play-services-auth:1.2.0-rc01] AndroidManifest.xml:34:9-41:20
186            android:name="androidx.credentials.playservices.HiddenActivity"
186-->[androidx.credentials:credentials-play-services-auth:1.2.0-rc01] AndroidManifest.xml:35:13-76
187            android:configChanges="orientation|screenSize|screenLayout|keyboardHidden"
187-->[androidx.credentials:credentials-play-services-auth:1.2.0-rc01] AndroidManifest.xml:36:13-87
188            android:enabled="true"
188-->[androidx.credentials:credentials-play-services-auth:1.2.0-rc01] AndroidManifest.xml:37:13-35
189            android:exported="false"
189-->[androidx.credentials:credentials-play-services-auth:1.2.0-rc01] AndroidManifest.xml:38:13-37
190            android:fitsSystemWindows="true"
190-->[androidx.credentials:credentials-play-services-auth:1.2.0-rc01] AndroidManifest.xml:39:13-45
191            android:theme="@style/Theme.Hidden" >
191-->[androidx.credentials:credentials-play-services-auth:1.2.0-rc01] AndroidManifest.xml:40:13-48
192        </activity>
193
194        <provider
194-->[com.google.firebase:firebase-common:21.0.0] AndroidManifest.xml:23:9-28:39
195            android:name="com.google.firebase.provider.FirebaseInitProvider"
195-->[com.google.firebase:firebase-common:21.0.0] AndroidManifest.xml:24:13-77
196            android:authorities="avs.com.famradar.firebaseinitprovider"
196-->[com.google.firebase:firebase-common:21.0.0] AndroidManifest.xml:25:13-72
197            android:directBootAware="true"
197-->[com.google.firebase:firebase-common:21.0.0] AndroidManifest.xml:26:13-43
198            android:exported="false"
198-->[com.google.firebase:firebase-common:21.0.0] AndroidManifest.xml:27:13-37
199            android:initOrder="100" />
199-->[com.google.firebase:firebase-common:21.0.0] AndroidManifest.xml:28:13-36
200
201        <activity
201-->[com.google.android.gms:play-services-auth:20.7.0] AndroidManifest.xml:23:9-27:75
202            android:name="com.google.android.gms.auth.api.signin.internal.SignInHubActivity"
202-->[com.google.android.gms:play-services-auth:20.7.0] AndroidManifest.xml:24:13-93
203            android:excludeFromRecents="true"
203-->[com.google.android.gms:play-services-auth:20.7.0] AndroidManifest.xml:25:13-46
204            android:exported="false"
204-->[com.google.android.gms:play-services-auth:20.7.0] AndroidManifest.xml:26:13-37
205            android:theme="@android:style/Theme.Translucent.NoTitleBar" />
205-->[com.google.android.gms:play-services-auth:20.7.0] AndroidManifest.xml:27:13-72
206        <!--
207            Service handling Google Sign-In user revocation. For apps that do not integrate with
208            Google Sign-In, this service will never be started.
209        -->
210        <service
210-->[com.google.android.gms:play-services-auth:20.7.0] AndroidManifest.xml:33:9-37:51
211            android:name="com.google.android.gms.auth.api.signin.RevocationBoundService"
211-->[com.google.android.gms:play-services-auth:20.7.0] AndroidManifest.xml:34:13-89
212            android:exported="true"
212-->[com.google.android.gms:play-services-auth:20.7.0] AndroidManifest.xml:35:13-36
213            android:permission="com.google.android.gms.auth.api.signin.permission.REVOCATION_NOTIFICATION"
213-->[com.google.android.gms:play-services-auth:20.7.0] AndroidManifest.xml:36:13-107
214            android:visibleToInstantApps="true" />
214-->[com.google.android.gms:play-services-auth:20.7.0] AndroidManifest.xml:37:13-48
215
216        <activity
216-->[com.google.android.gms:play-services-base:18.5.0] AndroidManifest.xml:5:9-173
217            android:name="com.google.android.gms.common.api.GoogleApiActivity"
217-->[com.google.android.gms:play-services-base:18.5.0] AndroidManifest.xml:5:19-85
218            android:exported="false"
218-->[com.google.android.gms:play-services-base:18.5.0] AndroidManifest.xml:5:146-170
219            android:theme="@android:style/Theme.Translucent.NoTitleBar" />
219-->[com.google.android.gms:play-services-base:18.5.0] AndroidManifest.xml:5:86-145
220
221        <meta-data
221-->[com.google.android.gms:play-services-basement:18.4.0] AndroidManifest.xml:6:9-122
222            android:name="com.google.android.gms.version"
222-->[com.google.android.gms:play-services-basement:18.4.0] AndroidManifest.xml:6:20-65
223            android:value="@integer/google_play_services_version" />
223-->[com.google.android.gms:play-services-basement:18.4.0] AndroidManifest.xml:6:66-119
224
225        <provider
225-->[androidx.profileinstaller:profileinstaller:1.3.0] AndroidManifest.xml:24:9-32:20
226            android:name="androidx.startup.InitializationProvider"
226-->[androidx.profileinstaller:profileinstaller:1.3.0] AndroidManifest.xml:25:13-67
227            android:authorities="avs.com.famradar.androidx-startup"
227-->[androidx.profileinstaller:profileinstaller:1.3.0] AndroidManifest.xml:26:13-68
228            android:exported="false" >
228-->[androidx.profileinstaller:profileinstaller:1.3.0] AndroidManifest.xml:27:13-37
229            <meta-data
229-->[androidx.profileinstaller:profileinstaller:1.3.0] AndroidManifest.xml:29:13-31:52
230                android:name="androidx.profileinstaller.ProfileInstallerInitializer"
230-->[androidx.profileinstaller:profileinstaller:1.3.0] AndroidManifest.xml:30:17-85
231                android:value="androidx.startup" />
231-->[androidx.profileinstaller:profileinstaller:1.3.0] AndroidManifest.xml:31:17-49
232        </provider>
233
234        <receiver
234-->[androidx.profileinstaller:profileinstaller:1.3.0] AndroidManifest.xml:34:9-52:20
235            android:name="androidx.profileinstaller.ProfileInstallReceiver"
235-->[androidx.profileinstaller:profileinstaller:1.3.0] AndroidManifest.xml:35:13-76
236            android:directBootAware="false"
236-->[androidx.profileinstaller:profileinstaller:1.3.0] AndroidManifest.xml:36:13-44
237            android:enabled="true"
237-->[androidx.profileinstaller:profileinstaller:1.3.0] AndroidManifest.xml:37:13-35
238            android:exported="true"
238-->[androidx.profileinstaller:profileinstaller:1.3.0] AndroidManifest.xml:38:13-36
239            android:permission="android.permission.DUMP" >
239-->[androidx.profileinstaller:profileinstaller:1.3.0] AndroidManifest.xml:39:13-57
240            <intent-filter>
240-->[androidx.profileinstaller:profileinstaller:1.3.0] AndroidManifest.xml:40:13-42:29
241                <action android:name="androidx.profileinstaller.action.INSTALL_PROFILE" />
241-->[androidx.profileinstaller:profileinstaller:1.3.0] AndroidManifest.xml:41:17-91
241-->[androidx.profileinstaller:profileinstaller:1.3.0] AndroidManifest.xml:41:25-88
242            </intent-filter>
243            <intent-filter>
243-->[androidx.profileinstaller:profileinstaller:1.3.0] AndroidManifest.xml:43:13-45:29
244                <action android:name="androidx.profileinstaller.action.SKIP_FILE" />
244-->[androidx.profileinstaller:profileinstaller:1.3.0] AndroidManifest.xml:44:17-85
244-->[androidx.profileinstaller:profileinstaller:1.3.0] AndroidManifest.xml:44:25-82
245            </intent-filter>
246            <intent-filter>
246-->[androidx.profileinstaller:profileinstaller:1.3.0] AndroidManifest.xml:46:13-48:29
247                <action android:name="androidx.profileinstaller.action.SAVE_PROFILE" />
247-->[androidx.profileinstaller:profileinstaller:1.3.0] AndroidManifest.xml:47:17-88
247-->[androidx.profileinstaller:profileinstaller:1.3.0] AndroidManifest.xml:47:25-85
248            </intent-filter>
249            <intent-filter>
249-->[androidx.profileinstaller:profileinstaller:1.3.0] AndroidManifest.xml:49:13-51:29
250                <action android:name="androidx.profileinstaller.action.BENCHMARK_OPERATION" />
250-->[androidx.profileinstaller:profileinstaller:1.3.0] AndroidManifest.xml:50:17-95
250-->[androidx.profileinstaller:profileinstaller:1.3.0] AndroidManifest.xml:50:25-92
251            </intent-filter>
252        </receiver> <!-- The activities will be merged into the manifest of the hosting app. -->
253        <activity
253-->[com.google.android.play:core-common:2.0.3] AndroidManifest.xml:14:9-18:65
254            android:name="com.google.android.play.core.common.PlayCoreDialogWrapperActivity"
254-->[com.google.android.play:core-common:2.0.3] AndroidManifest.xml:15:13-93
255            android:exported="false"
255-->[com.google.android.play:core-common:2.0.3] AndroidManifest.xml:16:13-37
256            android:stateNotNeeded="true"
256-->[com.google.android.play:core-common:2.0.3] AndroidManifest.xml:17:13-42
257            android:theme="@style/Theme.PlayCore.Transparent" />
257-->[com.google.android.play:core-common:2.0.3] AndroidManifest.xml:18:13-62
258    </application>
259
260</manifest>